0 verbose cli C:\Program Files\nodejs\node.exe C:\Users\Kubiu\AppData\Roaming\npm\node_modules\npm\bin\npm-cli.js
1 info using npm@10.8.2
2 info using node@v20.15.1
3 silly config load:file:C:\Users\Kubiu\AppData\Roaming\npm\node_modules\npm\npmrc
4 silly config load:file:C:\Users\Kubiu\OneDrive\Desktop\Projects\React\K-Mart\.npmrc
5 silly config load:file:C:\Users\Kubiu\.npmrc
6 silly config load:file:C:\Users\Kubiu\AppData\Roaming\npm\etc\npmrc
7 verbose title npm exec create-react-app k-mart
8 verbose argv "exec" "--" "create-react-app" "k-mart"
9 verbose logfile logs-max:10 dir:C:\Users\Kubiu\OneDrive\Desktop\Projects\React\K-Mart\UsersKubiuAppDataLocalnpm-cache\_logs\2024-08-13T09_04_03_860Z-
10 verbose logfile C:\Users\Kubiu\OneDrive\Desktop\Projects\React\K-Mart\UsersKubiuAppDataLocalnpm-cache\_logs\2024-08-13T09_04_03_860Z-debug-0.log
11 silly logfile done cleaning log files
12 silly packumentCache heap:2197815296 maxSize:549453824 maxEntrySize:274726912
13 http fetch GET 200 https://registry.npmjs.org/create-react-app 152ms (cache revalidated)
14 silly packumentCache heap:2197815296 maxSize:549453824 maxEntrySize:274726912
15 silly packumentCache heap:2197815296 maxSize:549453824 maxEntrySize:274726912
16 verbose cwd C:\Users\Kubiu\OneDrive\Desktop\Projects\React\K-Mart
17 verbose os Windows_NT 10.0.22631
18 verbose node v20.15.1
19 verbose npm  v10.8.2
20 verbose exit 0
21 info ok
